8 4
8 4
10 6
12 8
88 84
8 4
8 4
8 4
18 14
18 14
8 4
8 4
8 4
12 8
12 8
12 8
8 4
10 6
8 4
24 20
8 4
8 4
8 4
22 18
12 8
8 4
22 18
8 4
8 4
26 22
10 6
10 6
12 8
16 12
46 42
8 4
8 4
12 8
8 4
8 4
10 6
10 6
10 6
8 4
8 4
50 46
8 4
8 4
8 4
8 4
12 8
8 4
8 4
8 4
8 4
10 6
8 4
12 8
8 4
8 4
52 48
14 10
8 4
8 4
10 6
8 4
34 30
28 24
200 196
8 4
10 6
8 4
8 4
8 4
12 8
10 6
10 6
10 6
8 4
10 6
24 20
76 72
18 14
34 30
8 4
16 12
16 12
24 20
8 4
58 54
8 4
14 10
8 4
8 4
46 42
18 14
16 12
12 8
8 4
8 4
8 4
12 8
8 4
8 4
22 18
8 4
10 6
12 8
18 14
8 4
8 4
8 4
8 4
12 8
8 4
10 6
16 12
8 4
8 4
8 4
8 4
18 14
8 4
8 4
8 4
16 12
8 4
12 8
38 34
8 4
8 4
30 26
40 36
10 6
10 6
34 30
8 4
14 10
22 18
10 6
14 10
8 4
8 4
8 4
14 10
8 4
8 4
10 6
8 4
8 4
8 4
28 24
8 4
8 4
8 4
8 4
8 4
12 8
12 8
110 106
16 12
18 14
8 4
10 6
12 8
14 10
8 4
12 8
10 6
10 6
12 8
10 6
18 14
8 4
8 4
20 16
8 4
14 10
8 4
8 4
8 4
50 46
12 8
14 10
8 4
8 4
8 4
8 4
8 4
8 4
8 4
8 4
34 30
10 6
14 10
10 6
12 8
8 4
8 4
8 4
8 4
8 4
8 4
10 6
8 4
8 4
14 10
14 10
10 6
10 6
10 6
8 4
8 4
8 4
8 4
12 8
8 4
12 8
30 26
8 4
8 4
60 56
8 4
8 4
8 4
14 10
8 4
12 8
12 8
8 4
8 4
46 42
12 8
10 6
26 22
12 8
10 6
14 10
12 8
8 4
8 4
8 4
10 6
66 62
38 34
10 6
8 4
14 10
8 4
28 24
8 4
8 4
10 6
8 4
16 12
10 6
22 18
10 6
8 4
8 4
8 4
8 4
16 12
8 4
8 4
18 14
8 4
44 40
12 8
8 4
24 20
8 4
8 4
8 4
10 6
8 4
12 8
12 8
10 6
22 18
10 6
8 4
8 4
8 4
10 6
8 4
10 6
10 6
8 4
12 8
8 4
10 6
8 4
8 4
14 10
8 4
10 6
10 6
8 4
8 4
16 12
8 4
8 4
8 4
12 8
8 4
36 32
8 4
8 4
8 4
18 14
8 4
8 4
8 4
8 4
8 4
10 6
10 6
10 6
12 8
8 4
10 6
8 4
8 4
8 4
8 4
8 4
62 58
8 4
12 8
10 6
8 4
12 8
50 46
8 4
8 4
18 14
10 6
8 4
10 6
8 4
8 4
8 4
10 6
8 4
8 4
8 4
12 8
8 4
10 6
20 16
14 10
12 8
8 4
8 4
8 4
8 4
10 6
30 26
14 10
10 6
8 4
8 4
8 4
64 60
36 32
8 4
8 4
10 6
24 20
8 4
8 4
14 10
8 4
30 26
50 46
10 6
18 14
10 6
8 4
14 10
8 4
8 4
8 4
8 4
8 4
8 4
8 4
8 4
34 30
8 4
16 12
14 10
10 6
38 34
46 42
8 4
8 4
8 4
8 4
10 6
8 4
8 4
74 70
8 4
6 2
10 6
160 156
14 10
8 4
10 6
10 6
14 10
8 4
20 16
8 4
8 4
8 4
10 6
8 4
8 4
8 4
8 4
8 4
10 6
8 4
58 54
8 4
12 8
24 20
8 4
8 4
8 4
8 4
14 10
8 4
22 18
28 24
10 6
26 22
12 8
12 8
8 4
10 6
10 6
8 4
8 4
28 24
8 4
34 30
12 8
10 6
10 6
8 4
8 4
8 4
8 4
8 4
8 4
10 6
8 4
8 4
8 4
10 6
12 8
24 20
12 8
8 4
8 4
10 6
20 16
28 24
8 4
16 12
8 4
8 4
8 4
10 6
10 6
60 56
8 4
8 4
8 4
30 26
14 10
12 8
16 12
10 6
66 62
8 4
8 4
8 4
26 22
8 4
18 14
8 4
8 4
12 8
14 10
8 4
132 128
8 4
10 6
8 4
4 2
10 6
8 4
8 4
8 4
8 4
10 6
10 6
8 4
10 6
8 4
12 8
16 12
10 6
8 4
8 4
8 4
8 4
8 4
10 6
12 8
10 6
10 6
10 6
240 236
8 4
10 6
8 4
8 4
8 4
8 4
10 6
8 4
8 4
10 6
8 4
8 4
8 4
8 4
8 4
8 4
16 12
8 4
16 12
30 26
58 54
8 4
12 8
36 32
8 4
12 8
14 10
12 8
10 6
22 18
10 6
8 4
32 28
8 4
8 4
8 4
8 4
14 10
16 12
12 8
8 4
8 4
10 6
12 8
8 4
8 4
8 4
8 4
8 4
8 4
16 12
10 6
8 4
10 6
24 20
10 6
12 8
10 6
10 6
8 4
8 4
12 8
10 6
8 4
16 12
10 6
18 14
10 6
8 4
8 4
24 20
8 4
130 126
8 4
18 14
10 6
12 8
8 4
10 6
8 4
8 4
8 4
8 4
8 4
8 4
14 10
8 4
16 12
8 4
50 46
8 4
24 20
8 4
8 4
8 4
48 44
8 4
8 4
8 4
8 4
8 4
8 4
8 4
8 4
8 4
8 4
8 4
64 60
8 4
8 4
10 6
10 6
18 14
8 4
36 32
8 4
8 4
8 4
8 4
10 6
8 4
26 22
8 4
18 14
22 18
8 4
14 10
10 6
10 6
10 6
14 10
8 4
8 4
22 18
14 10
10 6
8 4
24 20
8 4
10 6
8 4
8 4
8 4
8 4
8 4
8 4
12 8
8 4
8 4
10 6
8 4
8 4
8 4
8 4
34 30
8 4
10 6
16 12
8 4
10 6
8 4
8 4
8 4
20 16
8 4
8 4
8 4
14 10
10 6
8 4
12 8
12 8
12 8
8 4
12 8
14 10
10 6
8 4
8 4
8 4
10 6
8 4
8 4
8 4
16 12
8 4
8 4
10 6
8 4
10 6
18 14
16 12
8 4
46 42
8 4
18 14
8 4
8 4
12 8
8 4
16 12
30 26
10 6
18 14
8 4
8 4
8 4
22 18
18 14
8 4
8 4
10 6
10 6
8 4
8 4
10 6
8 4
14 10
8 4
18 14
8 4
8 4
16 12
20 16
12 8
8 4
12 8
8 4
10 6
32 28
10 6
12 8
14 10
8 4
24 20
8 4
8 4
8 4
8 4
8 4
8 4
12 8
8 4
8 4
12 8
320 316
22 18
48 44
8 4
8 4
14 10
44 40
10 6
8 4
8 4
8 4
8 4
8 4
12 8
12 8
14 10
8 4
8 4
10 6
30 26
12 8
8 4
16 12
14 10
8 4
10 6
8 4
10 6
594 590
12 8
8 4
10 6
10 6
8 4
8 4
10 6
8 4
8 4
8 4
16 12
18 14
8 4
8 4
20 16
8 4
10 6
10 6
8 4
8 4
8 4
8 4
8 4
12 8
156 152
16 12
144 140
14 10
10 6
8 4
14 10
8 4
10 6
8 4
16 12
40 36
10 6
12 8
8 4
8 4
8 4
8 4
8 4
42 38
8 4
8 4
26 22
8 4
10 6
116 112
14 10
8 4
8 4
246 242
10 6
8 4
14 10
12 8
8 4
14 10
8 4
122 118
12 8
8 4
8 4
8 4
8 4
10 6
8 4
8 4
8 4
10 6
8 4
8 4
8 4
172 168
14 10
10 6
8 4
8 4
164 160
8 4
8 4
8 4
8 4
12 8
10 6
18 14
8 4
10 6
14 10
10 6
8 4
8 4
70 66
24 20
8 4
36 32
14 10
8 4
14 10
8 4
8 4
8 4
8 4
10 6
8 4
12 8
24 20
8 4
104 100
22 18
8 4
8 4
8 4
12 8
38 34
8 4
44 40
8 4
22 18
18 14
8 4
8 4
24 20
18 14
16 12
16 12
16 12
34 30
54 50
8 4
8 4
8 4
8 4
14 10
10 6
8 4
8 4
8 4
14 10
8 4
10 6
10 6
18 14
8 4
18 14
8 4
8 4
54 50
14 10
8 4
8 4
8 4
10 6
8 4
8 4
16 12
12 8
8 4
82 78
12 8
8 4
12 8
8 4
8 4
8 4
12 8
34 30
8 4
8 4
8 4
10 6
8 4
10 6
16 12
8 4
14 10
8 4
18 14
8 4
18 14
8 4
8 4
8 4
10 6
8 4
14 10
10 6
20 16
12 8
10 6
8 4
8 4
8 4
10 6
10 6
